Build started 2017/4/5 星期三 下午 11:22:58.
     1>Project "C:\Users\Administrator\Desktop\HW\2017 Spring Sem\Data Structure\p5\p5\myProgram\myProgram.vcxproj" on node 2 (Build target(s)).
     1>ClCompile:
         C:\Program Files (x86)\VC\bin\CL.exe /c /ZI /nologo /W3 /WX- /sdl /Od /Oy- /D WIN32 /D _DEBUG /D _CONSOLE /D _LIB /D _UNICODE /D UNICODE /Gm /EHsc /RTC1 /MDd /GS /fp:precise /Zc:wchar_t /Zc:forScope /Fo"Debug\\" /Fd"Debug\vc120.pdb" /Gd /TP /analyze- /errorReport:prompt DateDb.cpp
         DateDb.cpp
     1>c:\users\administrator\desktop\hw\2017 spring sem\data structure\p5\p5\myprogram\datedb.cpp(36): warning C4018: '<' : signed/unsigned mismatch
     1>c:\users\administrator\desktop\hw\2017 spring sem\data structure\p5\p5\myprogram\datedb.cpp(46): warning C4018: '<' : signed/unsigned mismatch
     1>c:\users\administrator\desktop\hw\2017 spring sem\data structure\p5\p5\myprogram\datedb.cpp(162): warning C4018: '<' : signed/unsigned mismatch
     1>c:\users\administrator\desktop\hw\2017 spring sem\data structure\p5\p5\myprogram\datedb.cpp(168): warning C4018: '<' : signed/unsigned mismatch
     1>c:\users\administrator\desktop\hw\2017 spring sem\data structure\p5\p5\myprogram\datedb.cpp(259): warning C4018: '>' : signed/unsigned mismatch
     1>c:\users\administrator\desktop\hw\2017 spring sem\data structure\p5\p5\myprogram\datedb.cpp(284): warning C4018: '<' : signed/unsigned mismatch
     1>c:\users\administrator\desktop\hw\2017 spring sem\data structure\p5\p5\myprogram\datedb.cpp(310): warning C4018: '<' : signed/unsigned mismatch
     1>c:\users\administrator\desktop\hw\2017 spring sem\data structure\p5\p5\myprogram\datedb.cpp(184): warning C4715: 'mergeSort' : not all control paths return a value
       Link:
         C:\Program Files (x86)\VC\bin\link.exe /ERRORREPORT:PROMPT /OUT:"C:\Users\Administrator\Desktop\HW\2017 Spring Sem\Data Structure\p5\p5\Debug\myProgram.exe" /INCREMENTAL /NOLOGO kernel32.lib user32.lib gdi32.lib winspool.lib comdlg32.lib advapi32.lib shell32.lib ole32.lib oleaut32.lib uuid.lib odbc32.lib odbccp32.lib /MANIFEST /MANIFESTUAC:"level='asInvoker' uiAccess='false'" /manifest:embed /DEBUG /PDB:"C:\Users\Administrator\Desktop\HW\2017 Spring Sem\Data Structure\p5\p5\Debug\myProgram.pdb" /SUBSYSTEM:CONSOLE /TLBID:1 /DYNAMICBASE /NXCOMPAT /IMPLIB:"C:\Users\Administrator\Desktop\HW\2017 Spring Sem\Data Structure\p5\p5\Debug\myProgram.lib" /MACHINE:X86 Debug\DateDb.obj
         Debug\DateType.obj
         myProgram.vcxproj -> C:\Users\Administrator\Desktop\HW\2017 Spring Sem\Data Structure\p5\p5\Debug\myProgram.exe
     1>Done Building Project "C:\Users\Administrator\Desktop\HW\2017 Spring Sem\Data Structure\p5\p5\myProgram\myProgram.vcxproj" (Build target(s)).

Build succeeded.

Time Elapsed 00:00:01.51
